2025-05-14 20:38:12,744 - INFO - gAAAAABoJOMU_16PBCReVXsfqf7kTCzT5LPp-XGN6Io_AxVMkgsn54mbnhhX1DHNkA2NiccyYaKGsvUEgvC_RXAqXYeXEDnnQZvM5jNEZROJURIOqoyRHzc_RArZlI9Vwe0bjHl7ySna4o_b7iL1B2T1pBnhte2KkQ==
2025-05-14 20:38:19,751 - INFO - gAAAAABoJOMbKqHW9DFKiuKPXpHZhe72xdv1UGxE7hoIQmGgUrBzoDbpxWCkEaAgcns8hR0OcC9e1bMkcxBTJnbHuYTvtzZEOv_GE2kExUTZIbzz9PzikFa_97-A9177QpbW1N6CZ4U-yLvHY9OKQHHokp48HplYaQ==
2025-05-14 20:38:44,176 - INFO - gAAAAABoJOM0zYuxg2HUEEj2MtVSAzjUU8bIUrE3kJHQ3bfCofpFKuIxsbK6AQdMsM9zzqC7mAzJQU5AgssInuSWqlobs5cG8jgXCSaM-KdBWQNw9js7M5g=
2025-05-14 20:42:05,759 - INFO - gAAAAABoJOP9rF3P88TeBcYrowwLHN65n_g_bBSd9aqKkJ-rr62OuFuLks1WdrvmYFzQo8MT8S6hZaUF57SZmDG3F4K6PeMM3Iwnw41QC8deGwrSgLUYqbGhWtA3lcXOwJP_X4fC4tP2tcbsD1Sg9EKevltlmWh4dQ==2025-05-14 21:02:04,504 - INFO - gAAAAABoJOiszXMiQXxif1YD6eCiMUCtA3OP6jm2f1KwDYXD0HXs7pNJ-YM-fJrz-7jhxUw6oP8JzwKtWcg1n_GqCpYoubGY0LttO41I8iX9FQ0I7uZTrB2Wr2ok64DT9gZYpZe0wZKFarUPxS6r620_m3ZH9HIa0Q==
2025-05-14 21:02:25,086 - INFO - gAAAAABoJOjBGPN3Yfdt8hIxto8_5085-TjsoSReFVIiIkk_G0NSvT0EUtkoPes7gjIzMZgguLdOLBPDxZOxUwwVS0aGfOzBc1CRQ2zIc75KT7ocSJ6mMJk=
2025-05-14 21:03:04,394 - INFO - gAAAAABoJOjoQveXpwkxRZLMqWPxPFvDP1IRXEhQ9_FBw2zDIhohyxV6ZMcKsA2KBTWo4xyNwHBDtLdt6Ev-6F95hOnSxuesJTekIBxPeuA50GFCR9xDJuL1HXgT8O2Dh-tM2JI-ZKDU
2025-05-14 21:03:19,623 - INFO - gAAAAABoJOj3ZfaL1VYfjVpJ1DOxtcscnDx34kUVwy3vM3b47FRZ8LqeP9VJUzpUnnexaPxvdTyqV0YgYy-TpwQzwTCnHvhjW7bpj-CHiIgvBagHyVkgDYP0Sj5SbmojHxFcMzPFJ-Ix
2025-05-14 21:08:02,923 - INFO - gAAAAABoJOoS2A-kaHnl5CecRiw8zxBHVqViaFclhOc4AYcWT0VTLQfMUCQEw6dJ_oxS6iwAQzKzqbpvyvxGwdOpEThcJH0ZdutB1vpEMhep_whNGyhqlY0XeIF6rx49i-jHENfUW97q
2025-05-14 21:10:26,332 - INFO - gAAAAABoJOqiMDTtkwiur55ItQlm4BTYJ-mMMtv2ZcMAv8A9NjcjIM5v2VpJ7uDI5KJXHcvCHAFNtm6HNKOc-Ewhl4md8EFtKWkLXVzHWvrmgVyjqeYT1rYN5ed2wEPHxm_cojJ4WjEZuoXwcF2j_MaD5tnIz9Cp5NTYQ6TQyl-cb0nSfjIG28k=
2025-05-14 21:10:26,360 - INFO - gAAAAABoJOqiSmZOoCzNQ654Wx1Na4BPiyae726Q1_KqMuo1EhyGfJlNpWXdXQSkJ7pVpx6gS96ieU1Hay0TTHq-4X9jwVFr4DaLMhpxMmJqM0aEJQdLa_0=
2025-05-14 21:11:06,974 - INFO - gAAAAABoJOrK91F4XzSHVur6DpotzpXvMgV4cjh2XsYdNB4Ff48GoNVKEw9JbFrFvxlhwV1yFTjvKJN1pYgb_B3P-8rrTxE8qILW8sk0VYFH_m95Uq__Bx9PBPa9VzUEZqHyQOaSacP9
2025-05-14 21:11:39,744 - INFO - gAAAAABoJOrrpkX4_1shuG0g_U5-CqootAk9nmID3Jm6T3jo6KE5W1PmhUornFA9X4ne_aaMZ4Xh7J1Ksv53-sFrw9YxdZaOlZolExwtLgQRpuEQmLcnL7Or6j4ERf1boMY-4-K4WyyZFJbGHBdBrcul_W0AgbvFji2iQf2QAsqOkWgMUNVT4Nw=
2025-05-14 21:11:39,770 - INFO - gAAAAABoJOrr7nTiVWVk-DiSzoHSSTSunlbek876yd7FYTt-UjZv92Lj3LVD2CXqzbTRBjVHojBMchL8KVrPZ-kMDd11w7rMVtwweMRcSnbP0lqMPIQ_iEg=
2025-05-14 21:12:19,685 - INFO - gAAAAABoJOsTV90520Oik6sAol6_WWQ0P6NtFiZXNFJh2EvIzIEMcCCrrrVGBiaB0A1FEigH_XGbSdu8GdfV27277N8UAG9O4Xzn_tQJXs7kpBNcK9nX1v_4qDT4VJBCAltsYC4p6mNC
2025-05-14 21:12:45,557 - INFO - gAAAAABoJOstwY4m5bJNWx07Yxkk3bA1lOncIGY6U2LKo_4UqPDhf7lXmVa4FspQ0TUJf4AFbsU92dqpIbZYOH4vi5XpO1ejxowJIu-4lBFjez5no8KOVxmtcAlPMkUaaDvpc00B_ah6
2025-05-14 21:12:51,813 - INFO - gAAAAABoJOszNABzFpjFzku9TUstAW44Lod2YCN88TyMjHOJ8wUstZQmthbWZxa4QQN6G1mIwNCnRKYK9pSFQObYcnOmb-f3hT-wpwh4yp6N_erqKY3Z7_Y=
2025-05-14 21:13:00,123 - INFO - gAAAAABoJOs8oRy0v3VAWbJvgqhUYZ30AGlS0vl5VLRKTRPMA2Jnm8BgZRQ_c-J_VmRpJC3NuIyggTztO2KQ_PHjDtnGvFqc58BS2UL9lGuPyCBX5930bCQ=
2025-05-14 21:13:01,270 - INFO - gAAAAABoJOs9FPyI3AVjI7wE6Vw_JmMYAXEtkgJOqfWh6X7j3oY2J6JuPRLdNh5hckP2HYQcgAhWfmElKRxiCnXv_2W5E7stNPUF460Ohwya9QEJwUFq4UCUvmw_7y1PoonZrhIMQwu1
2025-05-14 21:13:21,527 - INFO - gAAAAABoJOtRXBMBWDHMYJGHQcD1Q8j2pO23hFWACf1_nwUHKgJb5j3Tx6RuaCR3LK34amZKm7sDc9GAfO_bmpGKsdW-3JDMx2ZWBkMfhVibeaYGEbUML9f1e4MODi7aqpxY4jDKt2Tm
2025-05-14 21:13:38,377 - INFO - gAAAAABoJOtiaPji8B5Kj_AfKHxeie2P6Ltg62JDD8o8bBw5HLox5MzIo2N_UvaK8IdRKD-lBq7JnChWfpEV9rM8Bct35qtfte44qJBCM19ii9xPsO54O9dNPzn6zpeV_jrVl9i5KGq-mBgMRWTWSVAIZ2utJZ4YBg==
2025-05-14 21:13:40,217 - INFO - gAAAAABoJOtkVrb5JJVitmQkvPA7j984q8BdCrRrfLhW5w0y-LjZO7Si0oLe8oXW55CSAm2cPyx3xKV_53nGWwbUZK4WCP4IKSEy0DiMmLLFHaDyFwvb3VGIGLAKb7IRdGgAZx-mR2XN
2025-05-14 21:13:59,887 - INFO - gAAAAABoJOt3tx7RHL4aEE4dzSI57V4oDPzzWRRbSDHCEZhNFu-m3gj8Wj67TUxYabfkL--kn7FNZR4LiWvCfaPrRQd3_Rhu2X3w5PsCuV1dmOOV-OxSbftbvAxfh0v7eqRi9_7-En7SWOTZZLCLxp3PrUzkAj6Aww==
2025-05-14 21:14:01,920 - INFO - gAAAAABoJOt5eN1zH3Nmfq1lZgImjYBoPN8M1YaPns2Rwrd9NEJ4p4ZR0ml_Smn1Un5Lx72YKJebJrrUCTj85uX3mlQB9ypPwH7povflScPmOKohvoefie4wOXXLXX7nOGvkJQ6c2gHN
2025-05-14 21:14:36,779 - INFO - gAAAAABoJOuc-q-nvJib3Zvf8Jzv28KodEollSbfLU1L2m0CORClbua6sAuidFtlKaqBd6J8B0fmW2nk9_21TH1_DYojPE72boOK3mIWCj2jTT4pa6w6jmorTChlOQ97HU5UXYkvpQydCN1lGEVPQ5qOzJ9TQgajg7LBijuoia8qLz4VAKZQcds=
2025-05-14 21:14:36,807 - INFO - gAAAAABoJOucb_FK6S_eessAyIy5HEiQA6Bpv12wwHdAmpqfB_QaSGgjkumt4JYDWtBPPSu0mCieNtYW13Fuiap16djtzr84NXMlZdC-3gkT0sqnhVIbjIQ=
2025-05-14 21:16:27,596 - ERROR - gAAAAABoJOwLYxtBMKWhxjrn9obdPYejcmgiCkYyTakWyfuTTSKCWlrafTbK3hlVGVA6_Szi9ZQ4kDZX_XQfh5fpSAYeoLpCmr0pqglLTPIc_g3qds8HW1d6ySLSFrbrsQHBI7QYjsLX
2025-05-14 21:16:27,597 - ERROR - gAAAAABoJOwLw9bmkrKonS-hY-Y_iATt4sWGCNrorG3Hyg8tln0bm1s4ojaxIqYvFxztiaopsExW2o5VVFzBLxlYC5lrcPmeLrwMZ0S-_OfRHYq1xKjgN1R4VUyZTWjpNusInponQaFK6mYBQUziahEYXDKCRwRbD5blW1sG78X5G2ZbwGz9BIo=
2025-05-14 21:16:44,773 - INFO - gAAAAABoJOwczXcRRovTFYWjWCP3-l5VlamBWjv-gYIK54mWCdywXYT23_SfO_ylp4Sp2ltiX4XUse91oHBNkA3FgRzjA52qNr9wB1dfiBuiBRZWFZs3kOLU_u7M-9mt4J6HRKbDgZDm
2025-05-14 21:17:00,430 - INFO - gAAAAABoJOwsa1gJ115AxaRIQ8wJpIfnEcX5sGLHOxkWxwdDsQh0F2klJrJI503IBK24s56lTJVHkxGlvQ-RwZFgkYS8LobybzrF8j8vTdrqnLQhyXvOD9aNQKLQ4PnvC6VuFRb15_GaUYDZynAdQ5Pl2bs6BYktAA==
2025-05-14 21:17:05,099 - INFO - gAAAAABoJOwxpnLZLQnwXhih1oXlaYPkBrjrIC9CqwlxyArUhk8c3nmehKzVbuHWQApe0shOkrY7yLU3olWERRO4pUnospioTe5KLiYr3apAqdGDt9O525C2D4FtEMnbAHT4Nw8mngH7pTbbKjednTHAp6T_mbFFHQ==
2025-05-14 21:17:09,512 - INFO - gAAAAABoJOw1lJ2PjerKYl7qO9BVBuAVd3tID0xNGdZedfTXFZ2IRPAuWjmHejlyecoZXol0KADoRGrPUoCt47Drw-f7gFx3iTGBAdHeEYCc3MqYh9sS5rao5n48uMU9s4_BfRmOQLvqzyP_FwUz1ktgHfiu5WjyOg==
2025-05-14 21:17:11,806 - INFO - gAAAAABoJOw3ESJbIfx_5vNDOcIB-mcGmzg3iaof61BEBwFVhV2ZvSF6SzCu7cV5vVTfciN-7aRrLcfoBhp17EW0SUZ6OA9TJ5Ou54h2Eb8FMHoPiwnj8Rum0ZQRu7fKUaMnlJ3Kqm7J
2025-05-14 21:17:48,631 - INFO - gAAAAABoJOxckLVJyKoZrJr-FcXFC8B3481AP_tSwwpHAamb1LqlKTGifqxlHrDX5wo2OaYs2BKBfOhwy7jm5SY0qKZBTzqwO9rj0KL2RSo_I6Y-I9u-1CFd_dCqCtGSjZ1uvTMm9LbsNeWW5uBeF1GlujAFFvH6TA==
2025-05-14 21:18:00,517 - INFO - gAAAAABoJOxo_9osoYxrdQNeR-nm_TcGASE5VpcdadajBkrpoKTrWwTEv-Orm6iTQGnWuLE6FVE87O50NpvyU8J92RA4c6UcBqn8sCZremii2Wa1ngxHU0zMo-45KmUviUoRDGIob0OeYXsHB4yGVRLpraNWnXpkFg==
2025-05-14 21:18:13,793 - INFO - gAAAAABoJOx1HSxeqydTciPEen-ObZwGJKtRZW8l0SHr3xM64JSM9xjvDbgQXUA9AisgA-dntkgkOFFNT4NzEARv6apdrCYMSbmfXp7NIz39ranr8LSbCZHpDyXDoH-nQRpsUIhJZCsDSU5S_TqpzVfLWrlFg1E5IQ==
2025-05-14 21:18:14,544 - INFO - gAAAAABoJOx2Z5qp-pxvURG0d9aQKI53ZFN0TJPTyPfI6R3qCJoXtgCqP6rFv8PyKSiWsX0OV3EJfGDCCV16yQ1KI2FjI4HEalwrcQ6Ofo4zKxBYrIgdYq_-uLtWRa9RS31V6Sr_JUpo
2025-05-14 21:18:39,898 - ERROR - gAAAAABoJOyPylHthXSFOr8hduEA3p6UzHCOjJpg2_guY0o8UdA0lyBp9BR2HmzLZPspBIN0hkUA0ADghzVx5JCpD1Ynfb4Gec57n_5zNo5wihSKkudS4jI=
2025-05-14 21:18:39,899 - ERROR - gAAAAABoJOyPs55EPGeDR_fJ9WW9LhaAK9FycVSrzckdAhHTB31PAVFUgxh-ZdyDkfroldbEex674M85gMS5tfKWrx0oOS5MqhGzWguWEpySUd_xVCtw2oyhWEEttjMIyw1freRjOQXo_DjeF4P_MbUETMANOgbr6Q==
2025-05-14 21:19:03,367 - INFO - gAAAAABoJOynEUUlKVKQHOum4aLBkniFsCpEfVs0bTNwuId29wgCEVEZkzowvKHAMyOH9y_sJQ0Wg98AbjTofacZzz6CbzXNMZx65KJmx8HVOD7_GFR8eh1QquYyGNjjPE-oWf9uxPC4
2025-05-14 21:19:13,762 - INFO - gAAAAABoJOyxnssJac1UJN-4oE9aLM1dAFkhQxEcveYv7wkg5djpvJsTb7OS1sKlO4oX5Mv-6eGkaD3AdyAEW6wnOXh98SaoBt7wljShaqKpdKYiFX9RxaeRhwcVXxy8q1tYkhFMRx6o
2025-05-14 21:19:37,636 - INFO - gAAAAABoJOzJI-KuK5gWWAY8m8cDmz8GgLTfO2vTEBo4SpFD7rjNsQwFnk3e03XjTISi3mT5lLf0dvXu5mqcLoFrijrK4AFi-ZvmGozjo-Mzsa54BwXw1S-eGq5fvq3HOEFbAdQe7gUvo6ogB3EO18LNZYUk0y7DDg==
2025-05-14 21:19:44,013 - ERROR - gAAAAABoJOzQYVnMMs8VC8tFJcOBFOCr89mqXdKjywxswsj1r3gLPcNr-D_ILKe1Ij8QLjdZZB00KxJC2N1U_uJnCdenbIB8isBW5p8lCoOu8AbzxpmevZ8=
2025-05-14 21:19:44,013 - ERROR - gAAAAABoJOzQ7T9pdS5cKXtxVRq5jE9gVBOgaUF8-b01JxThtwFn6RvNljBVFFzQu8a_i5mCjMr0SeTMDtwpMGQgoiWxq39AT_k7zaCy3pWW9pI8ShEdbDC9XxMKy7e5qt22L0YW4U4bj6X0thHjphbVhv0uJ9UN5Q==
2025-05-14 21:19:52,653 - ERROR - gAAAAABoJOzYevlL5fB7cC3gT0mhVY_XPGsoNhkWdQHAZkR0xzzUP8_idtUswJ52eubRezW6PgqeKuJsDhBPOSidtHu4jNUiEpD9Y2KOre7AOz3sPEUuelA=
2025-05-14 21:19:52,655 - ERROR - gAAAAABoJOzY8p8dpQQpmv5pxdLnxrbFrL0BYjJN0TAHp91ThqaEAr5Wl-t7bysXhNqe5CKU7JDLgPVG47PMJ6JcXKJD_tD9_aIfjDyOfi6MOWjxPlwdRa4JHzGNt963acrZrhMLmQVpOe2uy5pesTQsZWIphXgzvg==
2025-05-14 21:21:02,999 - INFO - gAAAAABoJO0e0Fjz00ElyCZJk4JS25h_3a_a2_bOp1ej-k2r8Ch84d3u6yVhM5BG0eHaegfMAZyCtmr2EF_4EIvLZ0LXUrlfx4YmYLPRJWJBIYcx1e1E2Oxvu9UO-L863njCmb7B-YN5WY0g1FRN1DjddcSDshQ19w==
2025-05-14 21:21:08,250 - INFO - gAAAAABoJO0k5O3RJh1T_wTUzw9HIz4DezO7UotidBCiSc8vG1MjmyrfIDgLb5vPgfN6WOHnqVLaOjhinBhlcOTfZ1fyBeystcx49ttx4lbV1crX5FuM8HYtnlzapiDpB_nY2Llt8fPfYCZKescH_uwIhr9xVa5SkA==
2025-05-14 21:21:16,683 - INFO - gAAAAABoJO0sUi_iXezuWzQB1L8Fk7lpV4JnohEFeNBIQpSTiuFrzNhEzopbejPEThgkWXzADrPe3rympEErxmdCdL9pcfjEyAt2tuk7jL6g-qszPKHvlQbTzrTbWFwtokfqRNtiSIS2
2025-05-14 21:21:30,600 - INFO - gAAAAABoJO06KAiQkOsm3BDg-VnysYCt7ys0i_WURmW8krIprU5OeZAux3FMnCUBeAMFleSpVRRuDfMJwPgMCgGjopf7evs7JxZ0_hXeYIZ-jXgtx0OsLSA=
2025-05-14 21:21:34,046 - INFO - gAAAAABoJO0-FvJL_5s27MCIQXHI2caYwmRMZmNaZK631PmK4O5RlGZI28XXtEK3bz0vPzSWoeyrsRdqY0Sih8nxs10xtYqjvhzcKRNHFUXr3pLU2o12M3czBsT6LauQ_5y7cO4nXPKG
2025-05-14 21:24:53,190 - INFO - gAAAAABoJO4FPM97gNjsydgICpBVpjUz-3blikl3n85umBMj3hqJ0NbU1fku_yFPGUDEfpXAkVJlFm-ZVPM1xxeAYwPdsC_FBjkDW67FtM9y0WHOcl4czsoHCb1QYBkFeXHsm9eNiOCC
2025-05-14 21:24:57,845 - INFO - gAAAAABoJO4JZd3YdJOW-h4ZDyGit8NmcWdB8MM8exAcw8JFGk34TLF5qmQPJSc1_5YSzsJMUP8qiI8BfUZ8FsAJ4iGQf4osyMHFaHRuhyo3LxnI4qvbu1r1mOkMIULBwGCeF7eLatkwT-jo9XvT-865lPIjUIlBHdKGWvAjkxa_fGkbwGFBTGXREv6ZtdggxwDjMZiY0B48
2025-05-14 21:25:06,524 - INFO - gAAAAABoJO4SFMC2wRxH8jlBSRoGcw8JnoW6FtOh-q8Tr5-i2xxx8ukWRy0HAzcR6p9FCqOo54brZRCBhV5S-2rz_ALpd4-HTJQqfUEBYrMtgeZCTO3Nht54tuSFEDRkDAZW2miElHGy
2025-05-14 21:25:09,724 - INFO - gAAAAABoJO4Vv4USJWpWRGsPxyRIH7IA6kIphyM-1BOfS_gKC_mea21CBSQwrYqytE7CT9jNceBj3V43adKLIdiymrg3UCU-DVtiKNXVV73KAW_oILO1lS_a97tNR0BdG9lEFAJV49GNosxb0oEi0XpvyqE2RgNTAiPNS-aM-zcswphdTyaTmb6OLCbDQIdhee4rZnkaTpzk
2025-05-14 21:25:21,333 - INFO - gAAAAABoJO4hD5q-RJEqP-qDiz-V51fOltVFcNv21Z7ibCkBaCf7qtHcC5Esbrso_NafPGn6kV2qKriK17HeTWsV1qBBriAGZoUMdYfYKl5InrrzRpfRtkKImXZDOiTucW33hyi2d0dt
2025-05-14 21:25:29,451 - ERROR - gAAAAABoJO4p90Hz8zKxwvCwi4vvfLcBvqH-RfyblrLCY5wMYRLHOM3pIMEw2jeHsKS68FYGINDqIrM--7bgeGz73lQjRr6nF7QgLArlicwnkV4hXrvc6NQ=
2025-05-14 21:25:29,451 - ERROR - gAAAAABoJO4pIlkM7448-L6fdz2UEtsRfR3d9PUq660GMxIQqpes_XfKNnzOSE0zDHhtV4q5sPevE45JLnAKL1kosdInIPM-YuwRdgyVn_qCka9J7x6jiUvCht59ySVN4-glbe0X_NPR0bmsdzeV1fKv28ebXC1sMw==
2025-05-14 21:28:12,061 - INFO - gAAAAABoJO7MpVRhBO4cF3YGHENMyRfHSIte1148Mr5AN4Z9iryud52u_7Co52aqtjw8hP68R7U5hY0K6rHw8ZSsljVWZlObKSO6v04G9iTe3cFj1udeImfhSBuJ1j1tlZBm4qO3DTKru3pr6p9zmaLr-l8PCnK0M9BvvoZmYxW7ukkeJsniaPI=
2025-05-14 21:28:12,101 - INFO - gAAAAABoJO7M8ml9h9AaQzprL0qFOWCp4qU-yc96V2hlIfo8O8BlQvYTQD4x8rWpdZOvnuhf2EKf-BZOhDsjUuyUwXObz1MggpuMp86T_c65vlDdMujFI2Q=
2025-05-14 21:29:25,770 - INFO - gAAAAABoJO8Vx5GVMgCKLaV4W1w28YP_qP5gkNS-DAqPlIKgwblYOkU0aJ0SRSfd1LmqJ2eSjOnlGdzr0sLomvLNRRTZK3lP3Wcz6IgpHVyz0R4_oOJUBgO00IAc4GTkBBFuC5YyyI_9ATxV6eeO6F_-u61g15xZfw==
2025-05-14 21:29:28,695 - INFO - gAAAAABoJO8Y5KzYZxZwnYQnoedxliTeGx-uTjsAz_UYSU3SUIoZoGADvgaW_KbscKg0Frg6giYBF87_uPYOIWe6chZJlDi_I-YkzQczFxOWwgFuMqxdMxxdf5LMEAKzK_4lOHQrct4k
2025-05-14 21:29:39,609 - INFO - gAAAAABoJO8jg7S9pHqFSeuv0Rww2CpQcCGhLZxozwvsckv-WXGY1o-1Y0Eb54Zx_JIGqPGjXkEwXyvwNd-1iDV-D3R1BvD43QI0ey_PdzIjiVs4w97fLaA=
2025-05-14 21:30:10,283 - INFO - gAAAAABoJO9Czayq3X2waV2gEQs4C6KPhdNfSWDZL457UIQ8SBlefiCVBojsJ3kOdvbPMTFDSTkJj_AwmsWnUDnLXo0wdGOH1UBTU7WrzPq8BxF4QiN-oaMvaWNpLowY7PUMvx4EbOttKLFOq1jeoJWSYPdJnO6Eew==
2025-05-14 21:30:54,794 - INFO - gAAAAABoJO9ua5Bodsh77NhMi4dPyoSbf9C8JBSj4Si_MZlSKfHurlEVBD4rLUQ_LObqwC3QVNTHIsl_yotLQjkgadDB8O_hCyCLIuoxFqKDZwL7GMEZ41ADX-Q_yDhL5p94v211rRxQV8WQIoAbHR7U3-bF485W5w==
