2025-05-16 11:20:08,248 - INFO - gAAAAABoJwNIEGRIHLF3HEIO5dEgl3uOKtTmU9nmcW56mgmf1LguCjYzEcsDLZaLAosV8VaThp_M4sMOeIqk2vbNG-KjIXtpUTKA73i6u0ST2XxAvKKIb8mYLfpDMih3J6AZk30OdkSn
2025-05-16 11:21:25,941 - INFO - gAAAAABoJwOVGyHzNPU0QNF1afex8h8WLMGB_p_W_G4mPDcjJtNgcGoUBua3cEJxUsupc8Gqs_PIrAUETKDDnI4xiV4Hr3z3urM6IdGpI3Q_u_4QEhMWBJ0UyW_8ugbHOJMdNhkgjNun
2025-05-16 11:21:34,175 - ERROR - gAAAAABoJwOeGNWGvaI51YxnxMfl4WR_Wb_pCjVrAovzPTSvyzStjsi10NPOVjiZADkzPmCwQB_V8vY4Eg9ovB8XmZsLFgyx3fgUEmdGXPhvzlA43KoRddXpaWKvEE-gtSg27NDtVwe5
2025-05-16 11:21:34,175 - ERROR - gAAAAABoJwOeqBRvL40dB_Yaid0aRYY8-6QQeXrDcTrTNWHboHq7oaWcnjmyc2azONMiGQqV_gTA1BuGwkadwElgwKlI04he57gC4XBpIsFMEEMeN0o3Sx0SxAyWluFAXgdSbkxxt8eutAmwR08Md0TVe8QSmQl59w==
2025-05-16 11:21:37,039 - ERROR - gAAAAABoJwOhibSjSZm9Ef2rpc_9WWrGQ6CvKjXGZ7VeYHOeJUX1ZQyzz5a_teFNHATpzfvF891s9-Q1n7DzWMVw9-huaXV9ewdQlGHLkp7ayce9ptJ1Cq1g5wq1bRqlIZDETVVHcEqa
2025-05-16 11:21:37,039 - ERROR - gAAAAABoJwOhSvqnTwo_M_y-IEjPcBu0GSYIQCFev7vhm3XkvqEBfJD2TgKjpGVHoRZ77uQ6Esmyi23fhyLsQFU7cLNVvcu5-aMmH1jQ29aimb7nVSNYHsbX4VgSc4cjq8OggHiAIkYsDVdGLOHkyn3t2iV0OPZ2KQ==
2025-05-16 11:22:09,789 - ERROR - gAAAAABoJwPBhP67E_mDgYuk7pEYvAGwJhPvbStUJpa7zgsrrQWf0W3-9Cl_U7oI6R8R0lcz7cAXJE8YzSvaCGs81uB1-EvXW8lono5JsO-vExbuu5PZOBstywnLhHMHmhVYz5zG1YaD
2025-05-16 11:22:09,789 - ERROR - gAAAAABoJwPBO45NjeoYSHMAqBid4-sApE1KdKd5HZ2I_Am5EKLfh5Znep6LwSJF71G8Ue3RLE6B64UHJElcCwnOKK9TjecYvAdUxVC7m66As9MBmGufVlJpLUqH3fHIxq3pqHlOf1vDCC9EJPLY_TazcRgNDbEmOQ==
2025-05-16 11:22:13,138 - ERROR - gAAAAABoJwPFVPtUzLoUXz0aHejC4keC-adKv_aB363rXSQeooiRTZWQdklFKeuk25p62tOv2-eF5WvlmISH6wfj5Vnhh3I1NtqWQQakYpe3bAqh9kLRBd-CeNjZi_XkTAdrMir-fwhE
2025-05-16 11:22:13,138 - ERROR - gAAAAABoJwPFz6rBpankoTg2-iwJaulpW0LA3kVplSfRsXnTxy5ivH7RzdBkySmIuOR-trG7h_3LftyVeq3hmP8hF8Wx7rE_1EtROAzaQ5Ea8F7hQVZtxo66REFSz7Z-t58AgvBFbH23W4Xr3cZ5TJUVjKVPzk-BmA==
2025-05-16 11:22:30,013 - ERROR - gAAAAABoJwPWrNYVGhwUgjXWK8XJKGE48knazv1v439xGlXAN0tlfJZs1A9M42PsO2XZLHJ4psoGpA7nxg5zuQLKGuPfkmi7cYsg3FrWMuOcVkkxTBpX0YccuK4e9admFNhDkDGyQ3tZ
2025-05-16 11:22:30,013 - ERROR - gAAAAABoJwPWVKjlZrMAdtrxi0DPqrqbBQWPJb61mUnPYV041iRarlpqRPqhxGCgkCEJXHM_JFeYQjHZRNusz6_36h9EVE1zwb1yaW3KAtCOTSH86R7ViwhMr0hFN02sNK9uObfM7xLWd21u9nPUWI9pbAM9KVFDzQ==
2025-05-16 11:22:36,338 - ERROR - gAAAAABoJwPcCUyMRKLA-kRhR1pAj_gBs7VjXXefIS7x6tubu4U-q9ZoXNy4uhjHaocLI_YNgmKNHpMOe-nbKOTbBSUQYz_Got38S_Q8A1byHyxGAhAnY_Yag8MHtZz3gRa7VhWO1358
2025-05-16 11:22:36,338 - ERROR - gAAAAABoJwPc58kFgg4TQCbvX6zhiyT3VgEaa0vBWsZBKkAX08dy4f0xHGf2XctnE8HabF80vFTJuJrqWzhZFgLXEsroN6D_U1qFo_kRuA_Mvv9v_kUXyhLN6lIsSyB7qquGT5XnTSOzCx9nmrRBD4nSuV_-qL5837av7aTHCk6GmI_hHtil4dI=
2025-05-16 11:22:49,596 - ERROR - gAAAAABoJwPpErnKupWwDDdGs0fY17haP1w6OjxFVuVCDiIPlkm_wi6_HvxZ1fqjxYxFmZTce-QTF7BBN2QBzT8wz1EwyJizbnM9ivMxI07cCshrIScumdsnwTFrRcB6-lEpwhGevBqR
2025-05-16 11:22:49,596 - ERROR - gAAAAABoJwPp9JkVTKwgOLcnduYJGs8sV9WKfMm79K76AaVcVThyE8f5FBdzMr668C9R49B-0Krav2w5G_qO7IEOXUD9Qllun3JCc-xOcx52vMesggJEiUDyyywp3abr4Q7YKi9i7_dR2D2pdHdhb_z94k9JWU-rsvJC50fAOy64Q2pUruarmLM=
2025-05-16 11:23:00,056 - INFO - gAAAAABoJwP0G4VJOpuW6FNRmmfrxTGMoTmWUpQxiekErkpj3m4nd17alyGjO0m5yjtp6DQ4wBWUDwhrfH4j_D-UnD5-RwKynVH-e9toXJ4ROfbvCQ-YowjutlRP9VrYfAoPY1KSnaOz
2025-05-16 11:25:29,118 - INFO - gAAAAABoJwSJeUjIQ5gyDr0TczjnutfEmV-IuMkp0LPktnPgTffmMnRJleVATo40SRzrAiHpNhV6DbhKwg_eTyeNtZ3Xuhp7CsixztYhxVpdSNjokJDiYE91T-KmUBxoBT6DOuDbDBRJo_jQFx8pClmTrA7ktmej2XcwjQ2RxE9P3-wfuru3uUESmgu7FsSYKDf0-hh03xqD
2025-05-16 11:25:37,244 - INFO - gAAAAABoJwSR2ZWH7p2gNq90dGnYGpbz8TYb5FhRA5x4O7XT_meZSxnV8TtloaiKhKz9BWSXmaiu1WFb4lI6oynx_JIXrr4fMQZFZgcCVRg0nqBw5AGoFCHYDgD7qcgr73DXRqbUTPcm
2025-05-16 11:25:43,663 - INFO - gAAAAABoJwSXHQEs-vebsnV3UwI9no9Q9qInpL6LMSnVRTSurQgQXO9AOxhlRd37WAoYilIRfZz85Gwb7vtv0k5SuBjka_-DYQK6D5_iOfSB4E_mxBpr2LIITEE6Cd5unguzNqgO9cMDixwT_4TXKB5_aiIJ5UM2OvdohyniJsXAQ6PZ-cBr3iqmzOB58kFgNvVlagO48Vmc
2025-05-16 11:25:57,238 - ERROR - gAAAAABoJwSluK8XjxsqQ-gOw-P6DDIpVD7-RIzEiho0AQozmpVroccBYU4m7-g5purIfTZP8kAC2npLhRA0tv73W8v4NQX8BVKk5g-_Dg47IfaDz4tAzvp51EEm0I3gihu3TQ2Qzsvp
2025-05-16 11:25:57,238 - ERROR - gAAAAABoJwSl2bO1lOewVcEywlFYety2donaNuR856_f-zuCZqkj2Zoh9x1W2PwL2czoH-sfy3Wt_UwNylfuy1bJVm1MuHySVOFS_Sbqwy43cZP_3aFYz3KcL9AiQ0GSA4_MRShU9JK_MJfqGVwgj67GynPeeScRxsFR2eJ4BrzHvhszm8OEpQ8=
2025-05-16 11:26:02,971 - ERROR - gAAAAABoJwSqhCPeuRn_pGpDD3Kl3YJTu1GQOH93TtC74NkOuZjquXJYSr8_2RukOHstD0TnM6w2NuB5l0rEuLFhsaRWuaGCkmcmLMXfQ32FF0-Zy7KD9h68w81JFe6wfOnV3Ltejt6n
2025-05-16 11:26:02,971 - ERROR - gAAAAABoJwSqjtK_yt2DuLX1t7rHvw47EzV_5K-mM9TdLQuFxfoPiVs0T8MggxG3mKGis9XruYBZIByzeE2ecXze7jJTpJ793yX2FH1Vf1IDPosjxbt0PMb6RGCwVWeryhI2UsdUM844-fXpncsX6VpSQXUJ8edc_smJQYy70GOHNeuBbHkLdRs=
2025-05-16 11:26:06,317 - ERROR - gAAAAABoJwSuEGWfTsKZHurlZvIukZfo3Ka39FakHivm78KETIzApxRlqCZZ3uNWyOOj5pcEZ_s9WfgCvN4St5zd_GhI6mZk4OXhoh0Z6X68lA-tFS2LD0hGea7hoHXfCd2LtYiboxLj
2025-05-16 11:26:06,317 - ERROR - gAAAAABoJwSuhw_KJ1Uz0vhRWkGqxZvjNcy8fBiPhDPIZfWamCTgQ99RsOZWVI5v-k7cxuA0v5DZAlCzXgC6majz7QuBXhtEhZ7Y7f3zeQ5v4z60BFk2E1GLusg7RgFbgzKq6OLzhKbvSNOb7vpf98GNDj-tIHs9RjfzPzzvAPAF6Zua0RF_erk=
2025-05-16 11:27:36,066 - INFO - gAAAAABoJwUIzojYT3kff9u4qAQ8PGTrI6hinPISFzMPw-QHzV0XWE2qopM3_eHdgakX3uKhN1iBPRxSTNBTuyyYk1NMsGIDZUUzclpdzoLSmZlveWARtm9EUNWu6Co8QaGt92GJbpQTmbT7DH1z3D8qeQ2B8AQEQA==
2025-05-16 11:27:38,362 - INFO - gAAAAABoJwUKVGVoMP6fm4Y_wH6RZEir9ESkPfbmwyeez1KSt5cXtQ48HJi0nB8aFlpcNFddWRwrro3M4MUcTHSTFG57HL98-VNpSkocf87TCr2wz-392p738omoB38oaYiPyy_hvef3
2025-05-16 11:28:12,568 - INFO - gAAAAABoJwUsjvPV-P438yLuHbPbIK-Y4EuO1xjzzcTWrGsx2Vf6DXlm_wg6Xdf1TwWVxkPD-6ZL-wgJDDYpkO4D3wy5pB73fpovdF-eAFvlHM7b4yBJx2Ykz0WfK_yBsKbJhZTvT3YuS40LRwuLd_X6_YuQ8miPXQ==
2025-05-16 11:28:20,341 - ERROR - gAAAAABoJwU07XIlef0UdN_yr3XZlf0yw-FKqv5WVNM5NYvJbxWOcujLKN1ULEZ4f3LdX9tEwwesqEyi4GQfR20TOV7YrCpZ8isEdD9QOfwMx4EqUTvQvf8=
2025-05-16 11:28:20,341 - ERROR - gAAAAABoJwU0ocx1RAdRn_vjYA05jrL2rQGu5P2Y-X1yToysBQbnnEFA6e4kJmICNATmCy4O44-zZ9Hqv9EZu62Sw8rOnBEkZLpmHypvSvFKO8RcRf0qoVnPNLixKje1JOMQzglP3Ff9CBGe547K-bFuWg38PbLBIQ==
2025-05-16 11:28:27,013 - INFO - gAAAAABoJwU7I0NlgsQmCOHC9xsJ_8ZVj_cRwtAs4zXNjwAo9h34RNJNoQqNRUnMeIQkJ0SyaP6o4ctdneukdNWTWB4WWXaX4NFf_6CyMULyqmkvTIV4aVM=
2025-05-16 11:29:01,810 - INFO - gAAAAABoJwVdus3mAp35-j6yi-mEvRRwV_WKi2Hs3AD0lBGsnT7x-R7csj2jZAixphCGZuOqhnB89pz-XwYvLcrE3qsEb-5Mz8q2cuYzvMVE6NRGr3Cug32ng1qntaxyp6NS2JHp6BHO
2025-05-16 11:29:11,679 - INFO - gAAAAABoJwVnNOhNwWxcP9iSdp-Db6zYI05ZOgziohWxRcvcZpTcE3uLpDdV-5wuKOGDBHzv6yjJxG8xq7x1ESPkEELGojWuaNqZPNDgUaQPBK57aXRZ1NE=
2025-05-16 11:29:23,342 - INFO - gAAAAABoJwVzdDcs4Mpg7uP94uvet08endOMBPXv4bHWtAJ_6QTgnlD7UJVFGLvLCNXuZpAvnGl504Rl1IUrfFM8pSdmZjjdsv5dO805Q26cuvxc21jswRepbfelhncadKDLK82KBTHB
2025-05-16 11:29:32,740 - INFO - gAAAAABoJwV8IEDTaPo3AR0JKN8-gFmIks4_tFCKKql1LA2SEoPX2VRoHlT_e50pBDAQ6i1HO3xBKlq2B_g9PUgVjxpghijuPBwzHmR5pHLSf3O1gW2bfdin3WkXsMMZKG7t0iSl-dATlGYMbBPcRObKZp2T4nUagg==
2025-05-16 11:29:36,461 - INFO - gAAAAABoJwWA14ssQMaehmZYSixCJlVj1PrqZqNX3mCps-DY0ej3iTAc_pthnjnLKQXIcXTP_j7jKmGE7q8tQoS5tzuYS-G5Faidk_2pV6Gc5pj43NtiRFE=
2025-05-16 11:30:12,528 - INFO - gAAAAABoJwWk5HOfFSimIxAyhMuJ0ETmSsfT9Y0vpQNh5ClysSzv-Ar9jSL_yTSpLSQmN7Xur0utHj6YOwwpDS-12X2w4Flxjby1aiAyJBloK3dwTesm4RH7oXzaIpxTzRsCG3QG84X_
2025-05-16 11:30:44,871 - INFO - gAAAAABoJwXEbMIAyijvaIO1PxFiwtkLUiU6kYiGY0BjZgxrgLbvGNS-CmWKJFsXP_mzmIT9fw2z0sNKUhBxIBVmyNDPaWoXiZAAmOILgNI-z49k23QW19X4lB7nbSl1VXo00GB7F9Bg
2025-05-16 11:30:54,681 - ERROR - gAAAAABoJwXOru-7wZeswqu91Qt8PdX3I7tFFm4S23bQirk5gzTdXwkuP-vSQM9aevp-5m1_web4hH9w_MxtLQqZM8fZH09QcfNq-JGAAOJLlW9T685Dqpo=
2025-05-16 11:30:54,681 - ERROR - gAAAAABoJwXOaY5Br7OgyFx60JKJ5QQNdcmil_E487djH7iLipgkuz_7KTh9zNIC_IPCaNxPaFwXKNna2ogdzd2mekrDB0H8pnT4MGt8ZybrpYp9G9bqGKl1H8NCYeTxH5_BiUYpLyc0Lra5d83KAvYdCdQzSOv3ZA==
2025-05-16 11:30:56,552 - INFO - gAAAAABoJwXQ29bTxfdbzMcTx1wQ5_wHQjbO6GkuQPn97huouG5Bb0XPpg3l5CxRMOs-SxaXAkadCWp5ueGK062_T4GCbTjh_L0mpLVbZ2gYN4GzN11eZFo=
